This file contains any messages produced by compilers while
running configure, to aid debugging if configure makes a mistake.

configure:529: checking for gcc
configure:642: checking whether the C compiler (gcc  ) works
configure:658: gcc -o conftest    conftest.c  1>&5
configure:684: checking whether the C compiler (gcc  ) is a cross-compiler
configure:689: checking whether we are using GNU C
configure:717: checking whether gcc accepts -g
configure:749: checking whether make sets ${MAKE}
configure:777: checking for main in -lgen
configure:820: checking for main in -lm
configure:863: checking for main in -lnsl
configure:906: checking for main in -lsocket
configure:949: checking for main in -lstdc
configure:992: checking for main in -lz
configure:1040: checking for dirent.h that defines DIR
configure:1078: checking for opendir in -ldir
configure:1161: checking how to run the C preprocessor
configure:1241: checking for ANSI C header files
configure:1345: checking for sys/wait.h that is POSIX.1 compatible
configure:1390: checking for fcntl.h
configure:1390: checking for strings.h
configure:1390: checking for sys/time.h
configure:1390: checking for unistd.h
configure:1428: checking for working const
configure:1503: checking whether time.h and sys/time.h may both be included
configure:1540: checking whether gcc needs -traditional
configure:1586: checking for vprintf
configure:1691: checking for wait3 that fills in rusage
configure:1755: checking for gethostname
configure:1755: checking for gettimeofday
configure:1755: checking for mkdir
configure:1755: checking for select
configure:1755: checking for socket
configure:1755: checking for strstr
configure:1755: checking for uname
