Creating Package
     File 'Entries' in package.
     File 'Entries.Extra' in package.
     File 'Repository' in package.
     File 'Root' in package.
     File 'Tag' in package.
     File 'TortoiseCVS.Status' in package.
     File 'DATA.TAG' in package.
     File 'data1.cab' in package.
     File 'data1.hdr' in package.
     File 'lang.dat' in package.
     File 'layout.bin' in package.
     File 'os.dat' in package.
     File 'setup.bmp' in package.
     File 'Setup.exe' in package.
     File 'SETUP.INI' in package.
     File 'setup.ins' in package.
     File 'setup.lid' in package.
     File '_INST32I.EX_' in package.
     File '_ISDel.exe' in package.
     File '_Setup.dll' in package.
     File '_sys1.cab' in package.
     File '_sys1.hdr' in package.
     File '_user1.cab' in package.
     File '_user1.hdr' in package.
Creating EXE
     Creating data section
     Appending data section
     Appending file groups
          C:\DOCUME~1\ADMINI~1\LOCALS~1\Temp\pftw1.pkg
Clean Up
     Directory 'C:\DOCUME~1\ADMINI~1\LOCALS~1\Temp\iftwTmp' removed.
